2023-06-03 15:03:24.5654|0|INFO|Microsoft.Hosting.Lifetime|Now listening on: https://localhost:7067 |url: |action: |Microsoft.AspNetCore.Hosting.GenericWebHostService.StartAsync
2023-06-03 15:03:24.6544|0|INFO|Microsoft.Hosting.Lifetime|Now listening on: http://localhost:5098 |url: |action: |Microsoft.AspNetCore.Hosting.GenericWebHostService.StartAsync
2023-06-03 15:03:24.6544|0|INFO|Microsoft.Hosting.Lifetime|Application started. Press Ctrl+C to shut down. |url: |action: |Microsoft.Extensions.Hosting.Internal.ConsoleLifetime.OnApplicationStarted
2023-06-03 15:03:24.6544|0|INFO|Microsoft.Hosting.Lifetime|Hosting environment: Development |url: |action: |Microsoft.Extensions.Hosting.Internal.ConsoleLifetime.OnApplicationStarted
2023-06-03 15:03:24.6544|0|INFO|Microsoft.Hosting.Lifetime|Content root path: C:\Users\zsirc\OneDrive\Desktop\Hopmarket\Market\ |url: |action: |Microsoft.Extensions.Hosting.Internal.ConsoleLifetime.OnApplicationStarted
2023-06-03 15:04:31.3760|0|WARN|Microsoft.EntityFrameworkCore.Model.Validation|No store type was specified for the decimal property 'Price' on entity type 'Product'. This will cause values to be silently truncated if they do not fit in the default precision and scale. Explicitly specify the SQL server column type that can accommodate all the values in 'OnModelCreating' using 'HasColumnType', specify precision and scale using 'HasPrecision', or configure a value converter using 'HasConversion'. |url: https://localhost/Product/GetProducts|action: GetProducts|Microsoft.EntityFrameworkCore.SqlServer.Extensions.Internal.SqlServerLoggerExtensions.DecimalTypeDefaultWarning
2023-06-03 15:10:23.8999|0|INFO|Microsoft.Hosting.Lifetime|Now listening on: https://localhost:7067 |url: |action: |Microsoft.AspNetCore.Hosting.GenericWebHostService.StartAsync
2023-06-03 15:10:23.9893|0|INFO|Microsoft.Hosting.Lifetime|Now listening on: http://localhost:5098 |url: |action: |Microsoft.AspNetCore.Hosting.GenericWebHostService.StartAsync
2023-06-03 15:10:23.9893|0|INFO|Microsoft.Hosting.Lifetime|Application started. Press Ctrl+C to shut down. |url: |action: |Microsoft.Extensions.Hosting.Internal.ConsoleLifetime.OnApplicationStarted
2023-06-03 15:10:23.9893|0|INFO|Microsoft.Hosting.Lifetime|Hosting environment: Development |url: |action: |Microsoft.Extensions.Hosting.Internal.ConsoleLifetime.OnApplicationStarted
2023-06-03 15:10:23.9893|0|INFO|Microsoft.Hosting.Lifetime|Content root path: C:\Users\zsirc\OneDrive\Desktop\Hopmarket\Market\ |url: |action: |Microsoft.Extensions.Hosting.Internal.ConsoleLifetime.OnApplicationStarted
2023-06-03 21:33:48.2662|0|INFO|Microsoft.Hosting.Lifetime|Now listening on: https://localhost:7067 |url: |action: |Microsoft.AspNetCore.Hosting.GenericWebHostService.StartAsync
2023-06-03 21:33:48.3847|0|INFO|Microsoft.Hosting.Lifetime|Now listening on: http://localhost:5098 |url: |action: |Microsoft.AspNetCore.Hosting.GenericWebHostService.StartAsync
2023-06-03 21:33:48.3847|0|INFO|Microsoft.Hosting.Lifetime|Application started. Press Ctrl+C to shut down. |url: |action: |Microsoft.Extensions.Hosting.Internal.ConsoleLifetime.OnApplicationStarted
2023-06-03 21:33:48.4122|0|INFO|Microsoft.Hosting.Lifetime|Hosting environment: Development |url: |action: |Microsoft.Extensions.Hosting.Internal.ConsoleLifetime.OnApplicationStarted
2023-06-03 21:33:48.4122|0|INFO|Microsoft.Hosting.Lifetime|Content root path: C:\Users\zsirc\OneDrive\Desktop\Hopmarket\Market\ |url: |action: |Microsoft.Extensions.Hosting.Internal.ConsoleLifetime.OnApplicationStarted
2023-06-03 21:34:48.7133|0|WARN|Microsoft.EntityFrameworkCore.Model.Validation|No store type was specified for the decimal property 'Price' on entity type 'Product'. This will cause values to be silently truncated if they do not fit in the default precision and scale. Explicitly specify the SQL server column type that can accommodate all the values in 'OnModelCreating' using 'HasColumnType', specify precision and scale using 'HasPrecision', or configure a value converter using 'HasConversion'. |url: https://localhost/Account/Login|action: Login|Microsoft.EntityFrameworkCore.SqlServer.Extensions.Internal.SqlServerLoggerExtensions.DecimalTypeDefaultWarning
2023-06-03 21:41:36.5776|0|INFO|Microsoft.Hosting.Lifetime|Now listening on: https://localhost:7067 |url: |action: |Microsoft.AspNetCore.Hosting.GenericWebHostService.StartAsync
2023-06-03 21:41:36.7532|0|INFO|Microsoft.Hosting.Lifetime|Now listening on: http://localhost:5098 |url: |action: |Microsoft.AspNetCore.Hosting.GenericWebHostService.StartAsync
2023-06-03 21:41:36.7532|0|INFO|Microsoft.Hosting.Lifetime|Application started. Press Ctrl+C to shut down. |url: |action: |Microsoft.Extensions.Hosting.Internal.ConsoleLifetime.OnApplicationStarted
2023-06-03 21:41:36.7690|0|INFO|Microsoft.Hosting.Lifetime|Hosting environment: Development |url: |action: |Microsoft.Extensions.Hosting.Internal.ConsoleLifetime.OnApplicationStarted
2023-06-03 21:41:36.7690|0|INFO|Microsoft.Hosting.Lifetime|Content root path: C:\Users\zsirc\OneDrive\Desktop\Hopmarket\Market\ |url: |action: |Microsoft.Extensions.Hosting.Internal.ConsoleLifetime.OnApplicationStarted
2023-06-03 21:42:22.4962|0|WARN|Microsoft.EntityFrameworkCore.Model.Validation|No store type was specified for the decimal property 'Price' on entity type 'Product'. This will cause values to be silently truncated if they do not fit in the default precision and scale. Explicitly specify the SQL server column type that can accommodate all the values in 'OnModelCreating' using 'HasColumnType', specify precision and scale using 'HasPrecision', or configure a value converter using 'HasConversion'. |url: https://localhost/Product/GetProducts|action: GetProducts|Microsoft.EntityFrameworkCore.SqlServer.Extensions.Internal.SqlServerLoggerExtensions.DecimalTypeDefaultWarning
2023-06-03 21:42:43.0010|0|ERROR|Microsoft.EntityFrameworkCore.Database.Command|Failed executing DbCommand (190ms) [Parameters=[@p0='?' (Size = 4000), @p1='?' (DbType = Int32), @p2='?' (Size = 4000)], CommandType='Text', CommandTimeout='30']
SET IMPLICIT_TRANSACTIONS OFF;
SET NOCOUNT ON;
INSERT INTO [Comments] ([Author], [ProductId], [Text])
OUTPUT INSERTED.[Id]
VALUES (@p0, @p1, @p2); |url: |action: |Microsoft.EntityFrameworkCore.Diagnostics.Internal.RelationalCommandDiagnosticsLogger.LogCommandError
2023-06-03 21:53:52.0607|0|INFO|Microsoft.Hosting.Lifetime|Now listening on: https://localhost:7067 |url: |action: |Microsoft.AspNetCore.Hosting.GenericWebHostService.StartAsync
2023-06-03 21:53:52.1176|0|INFO|Microsoft.Hosting.Lifetime|Now listening on: http://localhost:5098 |url: |action: |Microsoft.AspNetCore.Hosting.GenericWebHostService.StartAsync
2023-06-03 21:53:52.1176|0|INFO|Microsoft.Hosting.Lifetime|Application started. Press Ctrl+C to shut down. |url: |action: |Microsoft.Extensions.Hosting.Internal.ConsoleLifetime.OnApplicationStarted
2023-06-03 21:53:52.1176|0|INFO|Microsoft.Hosting.Lifetime|Hosting environment: Development |url: |action: |Microsoft.Extensions.Hosting.Internal.ConsoleLifetime.OnApplicationStarted
2023-06-03 21:53:52.1176|0|INFO|Microsoft.Hosting.Lifetime|Content root path: C:\Users\zsirc\OneDrive\Desktop\Hopmarket\Market\ |url: |action: |Microsoft.Extensions.Hosting.Internal.ConsoleLifetime.OnApplicationStarted
2023-06-03 21:54:27.0710|0|WARN|Microsoft.EntityFrameworkCore.Model.Validation|No store type was specified for the decimal property 'Price' on entity type 'Product'. This will cause values to be silently truncated if they do not fit in the default precision and scale. Explicitly specify the SQL server column type that can accommodate all the values in 'OnModelCreating' using 'HasColumnType', specify precision and scale using 'HasPrecision', or configure a value converter using 'HasConversion'. |url: https://localhost/Product/GetProducts|action: GetProducts|Microsoft.EntityFrameworkCore.SqlServer.Extensions.Internal.SqlServerLoggerExtensions.DecimalTypeDefaultWarning
2023-06-03 21:55:00.4715|0|ERROR|Microsoft.EntityFrameworkCore.Database.Command|Failed executing DbCommand (45ms) [Parameters=[@p0='?' (Size = 4000), @p1='?' (DbType = Int32), @p2='?' (Size = 4000)], CommandType='Text', CommandTimeout='30']
SET IMPLICIT_TRANSACTIONS OFF;
SET NOCOUNT ON;
INSERT INTO [Comments] ([Author], [ProductId], [Text])
OUTPUT INSERTED.[Id]
VALUES (@p0, @p1, @p2); |url: |action: |Microsoft.EntityFrameworkCore.Diagnostics.Internal.RelationalCommandDiagnosticsLogger.LogCommandError
