2023-06-04 12:08:52.5983|0|INFO|Microsoft.Hosting.Lifetime|Now listening on: https://localhost:7067 |url: |action: |Microsoft.AspNetCore.Hosting.GenericWebHostService.StartAsync
2023-06-04 12:08:52.7120|0|INFO|Microsoft.Hosting.Lifetime|Now listening on: http://localhost:5098 |url: |action: |Microsoft.AspNetCore.Hosting.GenericWebHostService.StartAsync
2023-06-04 12:08:52.7120|0|INFO|Microsoft.Hosting.Lifetime|Application started. Press Ctrl+C to shut down. |url: |action: |Microsoft.Extensions.Hosting.Internal.ConsoleLifetime.OnApplicationStarted
2023-06-04 12:08:52.7255|0|INFO|Microsoft.Hosting.Lifetime|Hosting environment: Development |url: |action: |Microsoft.Extensions.Hosting.Internal.ConsoleLifetime.OnApplicationStarted
2023-06-04 12:08:52.7255|0|INFO|Microsoft.Hosting.Lifetime|Content root path: C:\Users\zsirc\OneDrive\Desktop\Hopmarket\Market\ |url: |action: |Microsoft.Extensions.Hosting.Internal.ConsoleLifetime.OnApplicationStarted
2023-06-04 12:09:22.5013|0|WARN|Microsoft.EntityFrameworkCore.Model.Validation|No store type was specified for the decimal property 'Price' on entity type 'Product'. This will cause values to be silently truncated if they do not fit in the default precision and scale. Explicitly specify the SQL server column type that can accommodate all the values in 'OnModelCreating' using 'HasColumnType', specify precision and scale using 'HasPrecision', or configure a value converter using 'HasConversion'. |url: https://localhost/Product/GetProducts|action: GetProducts|Microsoft.EntityFrameworkCore.SqlServer.Extensions.Internal.SqlServerLoggerExtensions.DecimalTypeDefaultWarning
2023-06-04 12:14:24.7331|0|INFO|Microsoft.Hosting.Lifetime|Now listening on: https://localhost:7067 |url: |action: |Microsoft.AspNetCore.Hosting.GenericWebHostService.StartAsync
2023-06-04 12:14:24.7599|0|INFO|Microsoft.Hosting.Lifetime|Now listening on: http://localhost:5098 |url: |action: |Microsoft.AspNetCore.Hosting.GenericWebHostService.StartAsync
2023-06-04 12:14:24.7604|0|INFO|Microsoft.Hosting.Lifetime|Application started. Press Ctrl+C to shut down. |url: |action: |Microsoft.Extensions.Hosting.Internal.ConsoleLifetime.OnApplicationStarted
2023-06-04 12:14:24.7604|0|INFO|Microsoft.Hosting.Lifetime|Hosting environment: Development |url: |action: |Microsoft.Extensions.Hosting.Internal.ConsoleLifetime.OnApplicationStarted
2023-06-04 12:14:24.7604|0|INFO|Microsoft.Hosting.Lifetime|Content root path: C:\Users\zsirc\OneDrive\Desktop\Hopmarket\Market\ |url: |action: |Microsoft.Extensions.Hosting.Internal.ConsoleLifetime.OnApplicationStarted
2023-06-04 12:15:28.6483|0|WARN|Microsoft.EntityFrameworkCore.Model.Validation|No store type was specified for the decimal property 'Price' on entity type 'Product'. This will cause values to be silently truncated if they do not fit in the default precision and scale. Explicitly specify the SQL server column type that can accommodate all the values in 'OnModelCreating' using 'HasColumnType', specify precision and scale using 'HasPrecision', or configure a value converter using 'HasConversion'. |url: https://localhost/Product/GetProducts|action: GetProducts|Microsoft.EntityFrameworkCore.SqlServer.Extensions.Internal.SqlServerLoggerExtensions.DecimalTypeDefaultWarning
2023-06-04 12:45:01.2336|0|INFO|Microsoft.Hosting.Lifetime|Now listening on: https://localhost:7067 |url: |action: |Microsoft.AspNetCore.Hosting.GenericWebHostService.StartAsync
2023-06-04 12:45:01.3043|0|INFO|Microsoft.Hosting.Lifetime|Now listening on: http://localhost:5098 |url: |action: |Microsoft.AspNetCore.Hosting.GenericWebHostService.StartAsync
2023-06-04 12:45:01.3043|0|INFO|Microsoft.Hosting.Lifetime|Application started. Press Ctrl+C to shut down. |url: |action: |Microsoft.Extensions.Hosting.Internal.ConsoleLifetime.OnApplicationStarted
2023-06-04 12:45:01.3334|0|INFO|Microsoft.Hosting.Lifetime|Hosting environment: Development |url: |action: |Microsoft.Extensions.Hosting.Internal.ConsoleLifetime.OnApplicationStarted
2023-06-04 12:45:01.3334|0|INFO|Microsoft.Hosting.Lifetime|Content root path: C:\Users\zsirc\OneDrive\Desktop\Hopmarket\Market\ |url: |action: |Microsoft.Extensions.Hosting.Internal.ConsoleLifetime.OnApplicationStarted
2023-06-04 12:45:24.1922|0|WARN|Microsoft.EntityFrameworkCore.Model.Validation|No store type was specified for the decimal property 'Price' on entity type 'Product'. This will cause values to be silently truncated if they do not fit in the default precision and scale. Explicitly specify the SQL server column type that can accommodate all the values in 'OnModelCreating' using 'HasColumnType', specify precision and scale using 'HasPrecision', or configure a value converter using 'HasConversion'. |url: https://localhost/Product/GetProducts|action: GetProducts|Microsoft.EntityFrameworkCore.SqlServer.Extensions.Internal.SqlServerLoggerExtensions.DecimalTypeDefaultWarning
2023-06-04 12:54:56.4002|0|INFO|Microsoft.Hosting.Lifetime|Now listening on: https://localhost:7067 |url: |action: |Microsoft.AspNetCore.Hosting.GenericWebHostService.StartAsync
2023-06-04 12:54:56.4675|0|INFO|Microsoft.Hosting.Lifetime|Now listening on: http://localhost:5098 |url: |action: |Microsoft.AspNetCore.Hosting.GenericWebHostService.StartAsync
2023-06-04 12:54:56.4675|0|INFO|Microsoft.Hosting.Lifetime|Application started. Press Ctrl+C to shut down. |url: |action: |Microsoft.Extensions.Hosting.Internal.ConsoleLifetime.OnApplicationStarted
2023-06-04 12:54:56.4675|0|INFO|Microsoft.Hosting.Lifetime|Hosting environment: Development |url: |action: |Microsoft.Extensions.Hosting.Internal.ConsoleLifetime.OnApplicationStarted
2023-06-04 12:54:56.4675|0|INFO|Microsoft.Hosting.Lifetime|Content root path: C:\Users\zsirc\OneDrive\Desktop\Hopmarket\Market\ |url: |action: |Microsoft.Extensions.Hosting.Internal.ConsoleLifetime.OnApplicationStarted
2023-06-04 12:55:24.1463|0|WARN|Microsoft.EntityFrameworkCore.Model.Validation|No store type was specified for the decimal property 'Price' on entity type 'Product'. This will cause values to be silently truncated if they do not fit in the default precision and scale. Explicitly specify the SQL server column type that can accommodate all the values in 'OnModelCreating' using 'HasColumnType', specify precision and scale using 'HasPrecision', or configure a value converter using 'HasConversion'. |url: https://localhost/Product/GetProducts|action: GetProducts|Microsoft.EntityFrameworkCore.SqlServer.Extensions.Internal.SqlServerLoggerExtensions.DecimalTypeDefaultWarning
2023-06-04 13:04:37.4598|0|INFO|Microsoft.Hosting.Lifetime|Now listening on: https://localhost:7067 |url: |action: |Microsoft.AspNetCore.Hosting.GenericWebHostService.StartAsync
2023-06-04 13:04:37.5350|0|INFO|Microsoft.Hosting.Lifetime|Now listening on: http://localhost:5098 |url: |action: |Microsoft.AspNetCore.Hosting.GenericWebHostService.StartAsync
2023-06-04 13:04:37.5350|0|INFO|Microsoft.Hosting.Lifetime|Application started. Press Ctrl+C to shut down. |url: |action: |Microsoft.Extensions.Hosting.Internal.ConsoleLifetime.OnApplicationStarted
2023-06-04 13:04:37.5581|0|INFO|Microsoft.Hosting.Lifetime|Hosting environment: Development |url: |action: |Microsoft.Extensions.Hosting.Internal.ConsoleLifetime.OnApplicationStarted
2023-06-04 13:04:37.5581|0|INFO|Microsoft.Hosting.Lifetime|Content root path: C:\Users\zsirc\OneDrive\Desktop\Hopmarket\Market\ |url: |action: |Microsoft.Extensions.Hosting.Internal.ConsoleLifetime.OnApplicationStarted
2023-06-04 13:05:06.0014|0|WARN|Microsoft.EntityFrameworkCore.Model.Validation|No store type was specified for the decimal property 'Price' on entity type 'Product'. This will cause values to be silently truncated if they do not fit in the default precision and scale. Explicitly specify the SQL server column type that can accommodate all the values in 'OnModelCreating' using 'HasColumnType', specify precision and scale using 'HasPrecision', or configure a value converter using 'HasConversion'. |url: https://localhost/Basket/AdminDetail|action: AdminDetail|Microsoft.EntityFrameworkCore.SqlServer.Extensions.Internal.SqlServerLoggerExtensions.DecimalTypeDefaultWarning
2023-06-04 18:05:44.4455|0|INFO|Microsoft.Hosting.Lifetime|Now listening on: https://localhost:7067 |url: |action: |Microsoft.AspNetCore.Hosting.GenericWebHostService.StartAsync
2023-06-04 18:05:44.5281|0|INFO|Microsoft.Hosting.Lifetime|Now listening on: http://localhost:5098 |url: |action: |Microsoft.AspNetCore.Hosting.GenericWebHostService.StartAsync
2023-06-04 18:05:44.5281|0|INFO|Microsoft.Hosting.Lifetime|Application started. Press Ctrl+C to shut down. |url: |action: |Microsoft.Extensions.Hosting.Internal.ConsoleLifetime.OnApplicationStarted
2023-06-04 18:05:44.5515|0|INFO|Microsoft.Hosting.Lifetime|Hosting environment: Development |url: |action: |Microsoft.Extensions.Hosting.Internal.ConsoleLifetime.OnApplicationStarted
2023-06-04 18:05:44.5515|0|INFO|Microsoft.Hosting.Lifetime|Content root path: C:\Users\zsirc\OneDrive\Desktop\Hopmarket\Market\ |url: |action: |Microsoft.Extensions.Hosting.Internal.ConsoleLifetime.OnApplicationStarted
2023-06-04 18:06:10.1875|0|WARN|Microsoft.EntityFrameworkCore.Model.Validation|No store type was specified for the decimal property 'Price' on entity type 'Product'. This will cause values to be silently truncated if they do not fit in the default precision and scale. Explicitly specify the SQL server column type that can accommodate all the values in 'OnModelCreating' using 'HasColumnType', specify precision and scale using 'HasPrecision', or configure a value converter using 'HasConversion'. |url: https://localhost/User/GetUsers|action: GetUsers|Microsoft.EntityFrameworkCore.SqlServer.Extensions.Internal.SqlServerLoggerExtensions.DecimalTypeDefaultWarning
2023-06-04 18:06:13.1771|0|INFO|Market.Service.Implementations.UserService|[UserService.GetUsers] отримання елементів 4 |url: https://localhost/User/GetUsers|action: GetUsers|Market.Service.Implementations.UserService.GetUsers
2023-06-04 18:06:38.6502|0|ERROR|Microsoft.AspNetCore.Mvc.ViewFeatures.PartialViewResultExecutor|The partial view 'GetItemByAdmin' was not found. Searched locations: /Views/Basket/GetItemByAdmin.cshtml, /Views/Shared/GetItemByAdmin.cshtml |url: https://localhost/Basket/GetItemByAdmin|action: GetItemByAdmin|Microsoft.AspNetCore.Mvc.ViewFeatures.PartialViewResultExecutor.FindView
2023-06-04 18:06:38.6855|0|ERROR|Microsoft.AspNetCore.Diagnostics.DeveloperExceptionPageMiddleware|An unhandled exception has occurred while executing the request. System.InvalidOperationException: The view 'GetItemByAdmin' was not found. The following locations were searched:
/Views/Basket/GetItemByAdmin.cshtml
/Views/Shared/GetItemByAdmin.cshtml
   at Microsoft.AspNetCore.Mvc.ViewEngines.ViewEngineResult.EnsureSuccessful(IEnumerable`1 originalLocations)
   at Microsoft.AspNetCore.Mvc.ViewFeatures.PartialViewResultExecutor.ExecuteAsync(ActionContext context, PartialViewResult result)
   at Microsoft.AspNetCore.Mvc.Infrastructure.ResourceInvoker.<InvokeResultAsync>g__Logged|22_0(ResourceInvoker invoker, IActionResult result)
   at Microsoft.AspNetCore.Mvc.Infrastructure.ResourceInvoker.<InvokeNextResultFilterAsync>g__Awaited|30_0[TFilter,TFilterAsync](ResourceInvoker invoker, Task lastTask, State next, Scope scope, Object state, Boolean isCompleted)
   at Microsoft.AspNetCore.Mvc.Infrastructure.ResourceInvoker.Rethrow(ResultExecutedContextSealed context)
   at Microsoft.AspNetCore.Mvc.Infrastructure.ResourceInvoker.ResultNext[TFilter,TFilterAsync](State& next, Scope& scope, Object& state, Boolean& isCompleted)
   at Microsoft.AspNetCore.Mvc.Infrastructure.ResourceInvoker.InvokeResultFilters()
--- End of stack trace from previous location ---
   at Microsoft.AspNetCore.Mvc.Infrastructure.ResourceInvoker.<InvokeNextResourceFilter>g__Awaited|25_0(ResourceInvoker invoker, Task lastTask, State next, Scope scope, Object state, Boolean isCompleted)
   at Microsoft.AspNetCore.Mvc.Infrastructure.ResourceInvoker.Rethrow(ResourceExecutedContextSealed context)
   at Microsoft.AspNetCore.Mvc.Infrastructure.ResourceInvoker.Next(State& next, Scope& scope, Object& state, Boolean& isCompleted)
   at Microsoft.AspNetCore.Mvc.Infrastructure.ResourceInvoker.<InvokeFilterPipelineAsync>g__Awaited|20_0(ResourceInvoker invoker, Task lastTask, State next, Scope scope, Object state, Boolean isCompleted)
   at Microsoft.AspNetCore.Mvc.Infrastructure.ResourceInvoker.<InvokeAsync>g__Logged|17_1(ResourceInvoker invoker)
   at Microsoft.AspNetCore.Mvc.Infrastructure.ResourceInvoker.<InvokeAsync>g__Logged|17_1(ResourceInvoker invoker)
   at Microsoft.AspNetCore.Routing.EndpointMiddleware.<Invoke>g__AwaitRequestTask|6_0(Endpoint endpoint, Task requestTask, ILogger logger)
   at Microsoft.AspNetCore.Authorization.AuthorizationMiddleware.Invoke(HttpContext context)
   at Microsoft.AspNetCore.Authentication.AuthenticationMiddleware.Invoke(HttpContext context)
   at Microsoft.AspNetCore.Diagnostics.DeveloperExceptionPageMiddleware.Invoke(HttpContext context)|url: https://localhost/Basket/GetItemByAdmin|action: GetItemByAdmin|Microsoft.AspNetCore.Diagnostics.DiagnosticsLoggerExtensions.UnhandledException
2023-06-04 18:10:13.1155|0|INFO|Microsoft.Hosting.Lifetime|Now listening on: https://localhost:7067 |url: |action: |Microsoft.AspNetCore.Hosting.GenericWebHostService.StartAsync
2023-06-04 18:10:13.1511|0|INFO|Microsoft.Hosting.Lifetime|Now listening on: http://localhost:5098 |url: |action: |Microsoft.AspNetCore.Hosting.GenericWebHostService.StartAsync
2023-06-04 18:10:13.1511|0|INFO|Microsoft.Hosting.Lifetime|Application started. Press Ctrl+C to shut down. |url: |action: |Microsoft.Extensions.Hosting.Internal.ConsoleLifetime.OnApplicationStarted
2023-06-04 18:10:13.1511|0|INFO|Microsoft.Hosting.Lifetime|Hosting environment: Development |url: |action: |Microsoft.Extensions.Hosting.Internal.ConsoleLifetime.OnApplicationStarted
2023-06-04 18:10:13.1511|0|INFO|Microsoft.Hosting.Lifetime|Content root path: C:\Users\zsirc\OneDrive\Desktop\Hopmarket\Market\ |url: |action: |Microsoft.Extensions.Hosting.Internal.ConsoleLifetime.OnApplicationStarted
2023-06-04 18:10:37.6731|0|WARN|Microsoft.EntityFrameworkCore.Model.Validation|No store type was specified for the decimal property 'Price' on entity type 'Product'. This will cause values to be silently truncated if they do not fit in the default precision and scale. Explicitly specify the SQL server column type that can accommodate all the values in 'OnModelCreating' using 'HasColumnType', specify precision and scale using 'HasPrecision', or configure a value converter using 'HasConversion'. |url: https://localhost/Basket/AdminDetail|action: AdminDetail|Microsoft.EntityFrameworkCore.SqlServer.Extensions.Internal.SqlServerLoggerExtensions.DecimalTypeDefaultWarning
2023-06-04 18:29:36.3968|0|INFO|Microsoft.Hosting.Lifetime|Now listening on: https://localhost:7067 |url: |action: |Microsoft.AspNetCore.Hosting.GenericWebHostService.StartAsync
2023-06-04 18:29:36.4787|0|INFO|Microsoft.Hosting.Lifetime|Now listening on: http://localhost:5098 |url: |action: |Microsoft.AspNetCore.Hosting.GenericWebHostService.StartAsync
2023-06-04 18:29:36.4787|0|INFO|Microsoft.Hosting.Lifetime|Application started. Press Ctrl+C to shut down. |url: |action: |Microsoft.Extensions.Hosting.Internal.ConsoleLifetime.OnApplicationStarted
2023-06-04 18:29:36.5058|0|INFO|Microsoft.Hosting.Lifetime|Hosting environment: Development |url: |action: |Microsoft.Extensions.Hosting.Internal.ConsoleLifetime.OnApplicationStarted
2023-06-04 18:29:36.5058|0|INFO|Microsoft.Hosting.Lifetime|Content root path: C:\Users\zsirc\OneDrive\Desktop\Hopmarket\Market\ |url: |action: |Microsoft.Extensions.Hosting.Internal.ConsoleLifetime.OnApplicationStarted
2023-06-04 18:30:29.5508|0|WARN|Microsoft.EntityFrameworkCore.Model.Validation|No store type was specified for the decimal property 'Price' on entity type 'Product'. This will cause values to be silently truncated if they do not fit in the default precision and scale. Explicitly specify the SQL server column type that can accommodate all the values in 'OnModelCreating' using 'HasColumnType', specify precision and scale using 'HasPrecision', or configure a value converter using 'HasConversion'. |url: https://localhost/Basket/AdminDetail|action: AdminDetail|Microsoft.EntityFrameworkCore.SqlServer.Extensions.Internal.SqlServerLoggerExtensions.DecimalTypeDefaultWarning
2023-06-04 18:43:37.8720|0|INFO|Microsoft.Hosting.Lifetime|Now listening on: https://localhost:7067 |url: |action: |Microsoft.AspNetCore.Hosting.GenericWebHostService.StartAsync
2023-06-04 18:43:37.9447|0|INFO|Microsoft.Hosting.Lifetime|Now listening on: http://localhost:5098 |url: |action: |Microsoft.AspNetCore.Hosting.GenericWebHostService.StartAsync
2023-06-04 18:43:37.9447|0|INFO|Microsoft.Hosting.Lifetime|Application started. Press Ctrl+C to shut down. |url: |action: |Microsoft.Extensions.Hosting.Internal.ConsoleLifetime.OnApplicationStarted
2023-06-04 18:43:37.9829|0|INFO|Microsoft.Hosting.Lifetime|Hosting environment: Development |url: |action: |Microsoft.Extensions.Hosting.Internal.ConsoleLifetime.OnApplicationStarted
2023-06-04 18:43:37.9829|0|INFO|Microsoft.Hosting.Lifetime|Content root path: C:\Users\zsirc\OneDrive\Desktop\Hopmarket\Market\ |url: |action: |Microsoft.Extensions.Hosting.Internal.ConsoleLifetime.OnApplicationStarted
2023-06-04 18:43:58.8795|0|WARN|Microsoft.EntityFrameworkCore.Model.Validation|No store type was specified for the decimal property 'Price' on entity type 'Product'. This will cause values to be silently truncated if they do not fit in the default precision and scale. Explicitly specify the SQL server column type that can accommodate all the values in 'OnModelCreating' using 'HasColumnType', specify precision and scale using 'HasPrecision', or configure a value converter using 'HasConversion'. |url: https://localhost/Basket/AdminDetail|action: AdminDetail|Microsoft.EntityFrameworkCore.SqlServer.Extensions.Internal.SqlServerLoggerExtensions.DecimalTypeDefaultWarning
2023-06-04 19:39:33.5485|0|INFO|Microsoft.Hosting.Lifetime|Now listening on: https://localhost:7067 |url: |action: |Microsoft.AspNetCore.Hosting.GenericWebHostService.StartAsync
2023-06-04 19:39:33.6271|0|INFO|Microsoft.Hosting.Lifetime|Now listening on: http://localhost:5098 |url: |action: |Microsoft.AspNetCore.Hosting.GenericWebHostService.StartAsync
2023-06-04 19:39:33.6271|0|INFO|Microsoft.Hosting.Lifetime|Application started. Press Ctrl+C to shut down. |url: |action: |Microsoft.Extensions.Hosting.Internal.ConsoleLifetime.OnApplicationStarted
2023-06-04 19:39:33.6271|0|INFO|Microsoft.Hosting.Lifetime|Hosting environment: Development |url: |action: |Microsoft.Extensions.Hosting.Internal.ConsoleLifetime.OnApplicationStarted
2023-06-04 19:39:33.6271|0|INFO|Microsoft.Hosting.Lifetime|Content root path: C:\Users\zsirc\OneDrive\Desktop\Hopmarket\Market\ |url: |action: |Microsoft.Extensions.Hosting.Internal.ConsoleLifetime.OnApplicationStarted
2023-06-04 19:40:00.6406|0|WARN|Microsoft.EntityFrameworkCore.Model.Validation|No store type was specified for the decimal property 'Price' on entity type 'Product'. This will cause values to be silently truncated if they do not fit in the default precision and scale. Explicitly specify the SQL server column type that can accommodate all the values in 'OnModelCreating' using 'HasColumnType', specify precision and scale using 'HasPrecision', or configure a value converter using 'HasConversion'. |url: https://localhost/Basket/Detail|action: Detail|Microsoft.EntityFrameworkCore.SqlServer.Extensions.Internal.SqlServerLoggerExtensions.DecimalTypeDefaultWarning
2023-06-04 19:47:17.2584|0|INFO|Microsoft.Hosting.Lifetime|Now listening on: https://localhost:7067 |url: |action: |Microsoft.AspNetCore.Hosting.GenericWebHostService.StartAsync
2023-06-04 19:47:17.3383|0|INFO|Microsoft.Hosting.Lifetime|Now listening on: http://localhost:5098 |url: |action: |Microsoft.AspNetCore.Hosting.GenericWebHostService.StartAsync
2023-06-04 19:47:17.3467|0|INFO|Microsoft.Hosting.Lifetime|Application started. Press Ctrl+C to shut down. |url: |action: |Microsoft.Extensions.Hosting.Internal.ConsoleLifetime.OnApplicationStarted
2023-06-04 19:47:17.3467|0|INFO|Microsoft.Hosting.Lifetime|Hosting environment: Development |url: |action: |Microsoft.Extensions.Hosting.Internal.ConsoleLifetime.OnApplicationStarted
2023-06-04 19:47:17.3467|0|INFO|Microsoft.Hosting.Lifetime|Content root path: C:\Users\zsirc\OneDrive\Desktop\Hopmarket\Market\ |url: |action: |Microsoft.Extensions.Hosting.Internal.ConsoleLifetime.OnApplicationStarted
2023-06-04 19:47:39.6433|0|WARN|Microsoft.EntityFrameworkCore.Model.Validation|No store type was specified for the decimal property 'Price' on entity type 'Product'. This will cause values to be silently truncated if they do not fit in the default precision and scale. Explicitly specify the SQL server column type that can accommodate all the values in 'OnModelCreating' using 'HasColumnType', specify precision and scale using 'HasPrecision', or configure a value converter using 'HasConversion'. |url: https://localhost/Basket/Detail|action: Detail|Microsoft.EntityFrameworkCore.SqlServer.Extensions.Internal.SqlServerLoggerExtensions.DecimalTypeDefaultWarning
2023-06-04 20:25:27.7556|0|INFO|Microsoft.Hosting.Lifetime|Now listening on: https://localhost:7067 |url: |action: |Microsoft.AspNetCore.Hosting.GenericWebHostService.StartAsync
2023-06-04 20:25:27.8374|0|INFO|Microsoft.Hosting.Lifetime|Now listening on: http://localhost:5098 |url: |action: |Microsoft.AspNetCore.Hosting.GenericWebHostService.StartAsync
2023-06-04 20:25:27.8374|0|INFO|Microsoft.Hosting.Lifetime|Application started. Press Ctrl+C to shut down. |url: |action: |Microsoft.Extensions.Hosting.Internal.ConsoleLifetime.OnApplicationStarted
2023-06-04 20:25:27.8681|0|INFO|Microsoft.Hosting.Lifetime|Hosting environment: Development |url: |action: |Microsoft.Extensions.Hosting.Internal.ConsoleLifetime.OnApplicationStarted
2023-06-04 20:25:27.8681|0|INFO|Microsoft.Hosting.Lifetime|Content root path: C:\Users\zsirc\OneDrive\Desktop\Hopmarket\Market\ |url: |action: |Microsoft.Extensions.Hosting.Internal.ConsoleLifetime.OnApplicationStarted
2023-06-04 20:26:37.0938|0|WARN|Microsoft.EntityFrameworkCore.Model.Validation|No store type was specified for the decimal property 'Price' on entity type 'Product'. This will cause values to be silently truncated if they do not fit in the default precision and scale. Explicitly specify the SQL server column type that can accommodate all the values in 'OnModelCreating' using 'HasColumnType', specify precision and scale using 'HasPrecision', or configure a value converter using 'HasConversion'. |url: |action: |Microsoft.EntityFrameworkCore.Diagnostics.EventDefinition`2.Log
2023-06-04 20:26:37.3824|0|WARN|Microsoft.EntityFrameworkCore.Model.Validation|No store type was specified for the decimal property 'Price' on entity type 'Product'. This will cause values to be silently truncated if they do not fit in the default precision and scale. Explicitly specify the SQL server column type that can accommodate all the values in 'OnModelCreating' using 'HasColumnType', specify precision and scale using 'HasPrecision', or configure a value converter using 'HasConversion'. |url: |action: |Microsoft.EntityFrameworkCore.Diagnostics.EventDefinition`2.Log
2023-06-04 20:27:00.5895|0|WARN|Microsoft.EntityFrameworkCore.Model.Validation|No store type was specified for the decimal property 'Price' on entity type 'Product'. This will cause values to be silently truncated if they do not fit in the default precision and scale. Explicitly specify the SQL server column type that can accommodate all the values in 'OnModelCreating' using 'HasColumnType', specify precision and scale using 'HasPrecision', or configure a value converter using 'HasConversion'. |url: |action: |Microsoft.EntityFrameworkCore.Diagnostics.EventDefinition`2.Log
2023-06-04 20:27:49.0395|0|INFO|Microsoft.Hosting.Lifetime|Now listening on: https://localhost:7067 |url: |action: |Microsoft.AspNetCore.Hosting.GenericWebHostService.StartAsync
2023-06-04 20:27:49.0927|0|INFO|Microsoft.Hosting.Lifetime|Now listening on: http://localhost:5098 |url: |action: |Microsoft.AspNetCore.Hosting.GenericWebHostService.StartAsync
2023-06-04 20:27:49.0927|0|INFO|Microsoft.Hosting.Lifetime|Application started. Press Ctrl+C to shut down. |url: |action: |Microsoft.Extensions.Hosting.Internal.ConsoleLifetime.OnApplicationStarted
2023-06-04 20:27:49.1094|0|INFO|Microsoft.Hosting.Lifetime|Hosting environment: Development |url: |action: |Microsoft.Extensions.Hosting.Internal.ConsoleLifetime.OnApplicationStarted
2023-06-04 20:27:49.1094|0|INFO|Microsoft.Hosting.Lifetime|Content root path: C:\Users\zsirc\OneDrive\Desktop\Hopmarket\Market\ |url: |action: |Microsoft.Extensions.Hosting.Internal.ConsoleLifetime.OnApplicationStarted
2023-06-04 20:28:10.1430|0|WARN|Microsoft.EntityFrameworkCore.Model.Validation|No store type was specified for the decimal property 'Price' on entity type 'Product'. This will cause values to be silently truncated if they do not fit in the default precision and scale. Explicitly specify the SQL server column type that can accommodate all the values in 'OnModelCreating' using 'HasColumnType', specify precision and scale using 'HasPrecision', or configure a value converter using 'HasConversion'. |url: https://localhost/Basket/AdminDetail|action: AdminDetail|Microsoft.EntityFrameworkCore.SqlServer.Extensions.Internal.SqlServerLoggerExtensions.DecimalTypeDefaultWarning
2023-06-04 20:29:14.5927|0|WARN|Microsoft.EntityFrameworkCore.Model.Validation|No store type was specified for the decimal property 'Price' on entity type 'Product'. This will cause values to be silently truncated if they do not fit in the default precision and scale. Explicitly specify the SQL server column type that can accommodate all the values in 'OnModelCreating' using 'HasColumnType', specify precision and scale using 'HasPrecision', or configure a value converter using 'HasConversion'. |url: |action: |Microsoft.EntityFrameworkCore.Diagnostics.EventDefinition`2.Log
2023-06-04 20:34:35.1807|0|INFO|Microsoft.Hosting.Lifetime|Now listening on: https://localhost:7067 |url: |action: |Microsoft.AspNetCore.Hosting.GenericWebHostService.StartAsync
2023-06-04 20:34:35.2305|0|INFO|Microsoft.Hosting.Lifetime|Now listening on: http://localhost:5098 |url: |action: |Microsoft.AspNetCore.Hosting.GenericWebHostService.StartAsync
2023-06-04 20:34:35.2305|0|INFO|Microsoft.Hosting.Lifetime|Application started. Press Ctrl+C to shut down. |url: |action: |Microsoft.Extensions.Hosting.Internal.ConsoleLifetime.OnApplicationStarted
2023-06-04 20:34:35.2305|0|INFO|Microsoft.Hosting.Lifetime|Hosting environment: Development |url: |action: |Microsoft.Extensions.Hosting.Internal.ConsoleLifetime.OnApplicationStarted
2023-06-04 20:34:35.2305|0|INFO|Microsoft.Hosting.Lifetime|Content root path: C:\Users\zsirc\OneDrive\Desktop\Hopmarket\Market\ |url: |action: |Microsoft.Extensions.Hosting.Internal.ConsoleLifetime.OnApplicationStarted
2023-06-04 20:35:26.1506|0|WARN|Microsoft.EntityFrameworkCore.Model.Validation|No store type was specified for the decimal property 'Price' on entity type 'Product'. This will cause values to be silently truncated if they do not fit in the default precision and scale. Explicitly specify the SQL server column type that can accommodate all the values in 'OnModelCreating' using 'HasColumnType', specify precision and scale using 'HasPrecision', or configure a value converter using 'HasConversion'. |url: https://localhost/Basket/AdminDetail|action: AdminDetail|Microsoft.EntityFrameworkCore.SqlServer.Extensions.Internal.SqlServerLoggerExtensions.DecimalTypeDefaultWarning
2023-06-04 20:49:34.8607|0|INFO|Microsoft.Hosting.Lifetime|Now listening on: https://localhost:7067 |url: |action: |Microsoft.AspNetCore.Hosting.GenericWebHostService.StartAsync
2023-06-04 20:49:34.9745|0|INFO|Microsoft.Hosting.Lifetime|Now listening on: http://localhost:5098 |url: |action: |Microsoft.AspNetCore.Hosting.GenericWebHostService.StartAsync
2023-06-04 20:49:34.9745|0|INFO|Microsoft.Hosting.Lifetime|Application started. Press Ctrl+C to shut down. |url: |action: |Microsoft.Extensions.Hosting.Internal.ConsoleLifetime.OnApplicationStarted
2023-06-04 20:49:35.0064|0|INFO|Microsoft.Hosting.Lifetime|Hosting environment: Development |url: |action: |Microsoft.Extensions.Hosting.Internal.ConsoleLifetime.OnApplicationStarted
2023-06-04 20:49:35.0064|0|INFO|Microsoft.Hosting.Lifetime|Content root path: C:\Users\zsirc\OneDrive\Desktop\Hopmarket\Market\ |url: |action: |Microsoft.Extensions.Hosting.Internal.ConsoleLifetime.OnApplicationStarted
2023-06-04 20:49:55.7672|0|WARN|Microsoft.EntityFrameworkCore.Model.Validation|No store type was specified for the decimal property 'Price' on entity type 'Product'. This will cause values to be silently truncated if they do not fit in the default precision and scale. Explicitly specify the SQL server column type that can accommodate all the values in 'OnModelCreating' using 'HasColumnType', specify precision and scale using 'HasPrecision', or configure a value converter using 'HasConversion'. |url: https://localhost/Basket/AdminDetail|action: AdminDetail|Microsoft.EntityFrameworkCore.SqlServer.Extensions.Internal.SqlServerLoggerExtensions.DecimalTypeDefaultWarning
2023-06-04 20:57:23.3846|0|INFO|Microsoft.Hosting.Lifetime|Now listening on: https://localhost:7067 |url: |action: |Microsoft.AspNetCore.Hosting.GenericWebHostService.StartAsync
2023-06-04 20:57:23.4356|0|INFO|Microsoft.Hosting.Lifetime|Now listening on: http://localhost:5098 |url: |action: |Microsoft.AspNetCore.Hosting.GenericWebHostService.StartAsync
2023-06-04 20:57:23.4356|0|INFO|Microsoft.Hosting.Lifetime|Application started. Press Ctrl+C to shut down. |url: |action: |Microsoft.Extensions.Hosting.Internal.ConsoleLifetime.OnApplicationStarted
2023-06-04 20:57:23.4356|0|INFO|Microsoft.Hosting.Lifetime|Hosting environment: Development |url: |action: |Microsoft.Extensions.Hosting.Internal.ConsoleLifetime.OnApplicationStarted
2023-06-04 20:57:23.4356|0|INFO|Microsoft.Hosting.Lifetime|Content root path: C:\Users\zsirc\OneDrive\Desktop\Hopmarket\Market\ |url: |action: |Microsoft.Extensions.Hosting.Internal.ConsoleLifetime.OnApplicationStarted
2023-06-04 20:58:01.0407|0|WARN|Microsoft.EntityFrameworkCore.Model.Validation|No store type was specified for the decimal property 'Price' on entity type 'Product'. This will cause values to be silently truncated if they do not fit in the default precision and scale. Explicitly specify the SQL server column type that can accommodate all the values in 'OnModelCreating' using 'HasColumnType', specify precision and scale using 'HasPrecision', or configure a value converter using 'HasConversion'. |url: https://localhost/Basket/AdminDetail|action: AdminDetail|Microsoft.EntityFrameworkCore.SqlServer.Extensions.Internal.SqlServerLoggerExtensions.DecimalTypeDefaultWarning
